-------------------------------------------------------------------------------
Test set: org.apache.commons.numbers.combinatorics.BinomialCoefficientTest
-------------------------------------------------------------------------------
Tests run: 11, Failures: 2, Errors: 0, Skipped: 0, Time elapsed: 0.098 s <<< FAILURE! -- in org.apache.commons.numbers.combinatorics.BinomialCoefficientTest
org.apache.commons.numbers.combinatorics.BinomialCoefficientTest.testNegativeN -- Time elapsed: 0.007 s <<< FAILURE!
org.opentest4j.AssertionFailedError: Expected org.apache.commons.numbers.combinatorics.CombinatoricsException to be thrown, but nothing was thrown.
	at org.junit.jupiter.api.AssertionFailureBuilder.build(AssertionFailureBuilder.java:152)
	at org.junit.jupiter.api.AssertThrows.assertThrows(AssertThrows.java:73)
	at org.junit.jupiter.api.AssertThrows.assertThrows(AssertThrows.java:35)
	at org.junit.jupiter.api.Assertions.assertThrows(Assertions.java:3115)
	at org.apache.commons.numbers.combinatorics.BinomialCoefficientTest.testNegativeN(BinomialCoefficientTest.java:64)
	at java.base/java.lang.reflect.Method.invoke(Method.java:569)
	at java.base/java.util.ArrayList.forEach(ArrayList.java:1511)
	at java.base/java.util.ArrayList.forEach(ArrayList.java:1511)

org.apache.commons.numbers.combinatorics.BinomialCoefficientTest.testKGreaterThanN -- Time elapsed: 0 s <<< FAILURE!
org.opentest4j.AssertionFailedError: Expected org.apache.commons.numbers.combinatorics.CombinatoricsException to be thrown, but nothing was thrown.
	at org.junit.jupiter.api.AssertionFailureBuilder.build(AssertionFailureBuilder.java:152)
	at org.junit.jupiter.api.AssertThrows.assertThrows(AssertThrows.java:73)
	at org.junit.jupiter.api.AssertThrows.assertThrows(AssertThrows.java:35)
	at org.junit.jupiter.api.Assertions.assertThrows(Assertions.java:3115)
	at org.apache.commons.numbers.combinatorics.BinomialCoefficientTest.testKGreaterThanN(BinomialCoefficientTest.java:80)
	at java.base/java.lang.reflect.Method.invoke(Method.java:569)
	at java.base/java.util.ArrayList.forEach(ArrayList.java:1511)
	at java.base/java.util.ArrayList.forEach(ArrayList.java:1511)

