<?xml version="1.0" encoding="UTF-8"?>
<testsuite xmlns:xsi="http://www.w3.org/2001/XMLSchema-instance" xsi:noNamespaceSchemaLocation="https://maven.apache.org/surefire/maven-surefire-plugin/xsd/surefire-test-report-3.0.xsd" version="3.0" name="org.apache.commons.numbers.combinatorics.BinomialCoefficientTest" time="0.12" tests="11" errors="0" skipped="0" failures="2">
  <properties>
[...]
</properties>
  <testcase name="testBoundaryN1K0" classname="org.apache.commons.numbers.combinatorics.BinomialCoefficientTest" time="0.043"/>
  <testcase name="testBoundaryN1K1" classname="org.apache.commons.numbers.combinatorics.BinomialCoefficientTest" time="0.002"/>
  <testcase name="testBoundaryBothZero" classname="org.apache.commons.numbers.combinatorics.BinomialCoefficientTest" time="0.002"/>
  <testcase name="testKEqualsN" classname="org.apache.commons.numbers.combinatorics.BinomialCoefficientTest" time="0.001"/>
  <testcase name="testKZero" classname="org.apache.commons.numbers.combinatorics.BinomialCoefficientTest" time="0.001"/>
  <testcase name="testNormalCase1" classname="org.apache.commons.numbers.combinatorics.BinomialCoefficientTest" time="0.0"/>
  <testcase name="testNormalCase2" classname="org.apache.commons.numbers.combinatorics.BinomialCoefficientTest" time="0.001"/>
  <testcase name="testNegativeK" classname="org.apache.commons.numbers.combinatorics.BinomialCoefficientTest" time="0.014"/>
  <testcase name="testNegativeN" classname="org.apache.commons.numbers.combinatorics.BinomialCoefficientTest" time="0.008">
    <failure message="Expected org.apache.commons.numbers.combinatorics.CombinatoricsException to be thrown, but nothing was thrown." type="org.opentest4j.AssertionFailedError"><![CDATA[org.opentest4j.AssertionFailedError: Expected org.apache.commons.numbers.combinatorics.CombinatoricsException to be thrown, but nothing was thrown.
	at org.junit.jupiter.api.AssertionFailureBuilder.build(AssertionFailureBuilder.java:152)
	at org.junit.jupiter.api.AssertThrows.assertThrows(AssertThrows.java:73)
	at org.junit.jupiter.api.AssertThrows.assertThrows(AssertThrows.java:35)
	at org.junit.jupiter.api.Assertions.assertThrows(Assertions.java:3115)
	at org.apache.commons.numbers.combinatorics.BinomialCoefficientTest.testNegativeN(BinomialCoefficientTest.java:64)
	at java.base/java.lang.reflect.Method.invoke(Method.java:569)
	at java.base/java.util.ArrayList.forEach(ArrayList.java:1511)
	at java.base/java.util.ArrayList.forEach(ArrayList.java:1511)
]]></failure>
  </testcase>
  <testcase name="testKGreaterThanN" classname="org.apache.commons.numbers.combinatorics.BinomialCoefficientTest" time="0.003">
    <failure message="Expected org.apache.commons.numbers.combinatorics.CombinatoricsException to be thrown, but nothing was thrown." type="org.opentest4j.AssertionFailedError"><![CDATA[org.opentest4j.AssertionFailedError: Expected org.apache.commons.numbers.combinatorics.CombinatoricsException to be thrown, but nothing was thrown.
	at org.junit.jupiter.api.AssertionFailureBuilder.build(AssertionFailureBuilder.java:152)
	at org.junit.jupiter.api.AssertThrows.assertThrows(AssertThrows.java:73)
	at org.junit.jupiter.api.AssertThrows.assertThrows(AssertThrows.java:35)
	at org.junit.jupiter.api.Assertions.assertThrows(Assertions.java:3115)
	at org.apache.commons.numbers.combinatorics.BinomialCoefficientTest.testKGreaterThanN(BinomialCoefficientTest.java:80)
	at java.base/java.lang.reflect.Method.invoke(Method.java:569)
	at java.base/java.util.ArrayList.forEach(ArrayList.java:1511)
	at java.base/java.util.ArrayList.forEach(ArrayList.java:1511)
]]></failure>
  </testcase>
  <testcase name="testLargeValue" classname="org.apache.commons.numbers.combinatorics.BinomialCoefficientTest" time="0.001"/>
</testsuite>